<?xml version="1.0" encoding="UTF-8"?>
<!-- Generated by org.testng.reporters.JUnitReportReporter -->
<testsuite hostname="LAPTOP-HTB7FUT0" failures="0" tests="1" name="com.openCart.testCases.Search" time="6.951" errors="0" timestamp="2023-12-08T11:46:15 IST" skipped="0">
  <testcase classname="com.openCart.testCases.Search" name="TC_SF_001" time="6.951"/>
</testsuite> <!-- com.openCart.testCases.Search -->
