<?xml version="1.0" encoding="UTF-8"?>
<!-- Generated by org.testng.reporters.JUnitReportReporter -->
<testsuite hostname="LAPTOP-HTB7FUT0" failures="0" tests="4" name="com.openCart.testCases.Login" time="27.782" errors="0" timestamp="2023-12-08T12:28:32 IST" skipped="0">
  <testcase classname="com.openCart.testCases.Login" name="TC_LF_001" time="6.579"/>
  <testcase classname="com.openCart.testCases.Login" name="TC_LF_002" time="6.295"/>
  <testcase classname="com.openCart.testCases.Login" name="TC_LF_003" time="7.186"/>
  <testcase classname="com.openCart.testCases.Login" name="TC_LF_004" time="7.722"/>
</testsuite> <!-- com.openCart.testCases.Login -->
