<?xml version="1.0" encoding="UTF-8"?>
<!-- Generated by org.testng.reporters.JUnitReportReporter -->
<testsuite hostname="LAPTOP-HTB7FUT0" failures="0" tests="10" name="com.openCart.testCases.Login" time="67.647" errors="0" timestamp="2023-12-13T09:39:16 IST" skipped="0">
  <testcase classname="com.openCart.testCases.Login" name="TC_LF_001" time="6.732"/>
  <testcase classname="com.openCart.testCases.Login" name="TC_LF_001" time="6.874"/>
  <testcase classname="com.openCart.testCases.Login" name="TC_LF_001" time="7.389"/>
  <testcase classname="com.openCart.testCases.Login" name="TC_LF_002" time="6.275"/>
  <testcase classname="com.openCart.testCases.Login" name="TC_LF_003" time="6.255"/>
  <testcase classname="com.openCart.testCases.Login" name="TC_LF_004" time="6.869"/>
  <testcase classname="com.openCart.testCases.Login" name="TC_LF_005" time="6.114"/>
  <testcase classname="com.openCart.testCases.Login" name="TC_LF_006" time="9.137"/>
  <testcase classname="com.openCart.testCases.Login" name="TC_LF_008" time="5.942"/>
  <testcase classname="com.openCart.testCases.Login" name="TC_LF_013" time="6.060"/>
</testsuite> <!-- com.openCart.testCases.Login -->
