<?xml version="1.0" encoding="UTF-8"?>
<!-- Generated by org.testng.reporters.JUnitReportReporter -->
<testsuite hostname="LAPTOP-HTB7FUT0" failures="0" tests="2" name="com.openCart.testCases.Search" time="12.778" errors="0" timestamp="2023-12-17T12:12:00 IST" skipped="0">
  <testcase classname="com.openCart.testCases.Search" name="TC_SF_001" time="7.121"/>
  <testcase classname="com.openCart.testCases.Search" name="TC_SF_002" time="5.657"/>
</testsuite> <!-- com.openCart.testCases.Search -->
