<?xml version="1.0" encoding="UTF-8"?>
<!-- Generated by org.testng.reporters.JUnitReportReporter -->
<testsuite hostname="LAPTOP-HTB7FUT0" failures="0" tests="3" name="com.openCart.testCases.Register" time="21.940" errors="0" timestamp="2023-12-14T11:36:24 IST" skipped="0">
  <testcase classname="com.openCart.testCases.Register" name="TC_RF_001" time="6.959"/>
  <testcase classname="com.openCart.testCases.Register" name="TC_RF_004" time="6.982"/>
  <testcase classname="com.openCart.testCases.Register" name="TC_RF_003" time="7.999"/>
</testsuite> <!-- com.openCart.testCases.Register -->
