<?xml version="1.0" encoding="UTF-8"?>
<!-- Generated by org.testng.reporters.JUnitReportReporter -->
<testsuite hostname="LAPTOP-HTB7FUT0" failures="0" tests="10" name="com.openCart.testCases.Register" time="81.255" errors="0" timestamp="2023-12-17T20:57:33 IST" skipped="0">
  <testcase classname="com.openCart.testCases.Register" name="TC_RF_001" time="8.085"/>
  <testcase classname="com.openCart.testCases.Register" name="TC_RF_003" time="8.753"/>
  <testcase classname="com.openCart.testCases.Register" name="TC_RF_004" time="7.189"/>
  <testcase classname="com.openCart.testCases.Register" name="TC_RF_005" time="8.507"/>
  <testcase classname="com.openCart.testCases.Register" name="TC_RF_006" time="8.758"/>
  <testcase classname="com.openCart.testCases.Register" name="TC_RF_007" time="11.185"/>
  <testcase classname="com.openCart.testCases.Register" name="TC_RF_008" time="7.948"/>
  <testcase classname="com.openCart.testCases.Register" name="TC_RF_009" time="7.657"/>
  <testcase classname="com.openCart.testCases.Register" name="TC_RF_013" time="6.387"/>
  <testcase classname="com.openCart.testCases.Register" name="TC_RF_014" time="6.786"/>
</testsuite> <!-- com.openCart.testCases.Register -->
