<?xml version="1.0" encoding="UTF-8"?>
<!-- Generated by org.testng.reporters.JUnitReportReporter -->
<testsuite hostname="LAPTOP-HTB7FUT0" failures="0" tests="10" name="com.openCart.testCases.Login" time="65.544" errors="0" timestamp="2023-12-14T11:36:24 IST" skipped="0">
  <testcase classname="com.openCart.testCases.Login" name="TC_LF_001" time="6.576"/>
  <testcase classname="com.openCart.testCases.Login" name="TC_LF_001" time="6.865"/>
  <testcase classname="com.openCart.testCases.Login" name="TC_LF_001" time="7.228"/>
  <testcase classname="com.openCart.testCases.Login" name="TC_LF_002" time="7.393"/>
  <testcase classname="com.openCart.testCases.Login" name="TC_LF_003" time="6.757"/>
  <testcase classname="com.openCart.testCases.Login" name="TC_LF_004" time="6.314"/>
  <testcase classname="com.openCart.testCases.Login" name="TC_LF_005" time="6.279"/>
  <testcase classname="com.openCart.testCases.Login" name="TC_LF_006" time="5.998"/>
  <testcase classname="com.openCart.testCases.Login" name="TC_LF_008" time="6.218"/>
  <testcase classname="com.openCart.testCases.Login" name="TC_LF_013" time="5.916"/>
</testsuite> <!-- com.openCart.testCases.Login -->
