<?xml version="1.0" encoding="UTF-8"?>
<!-- Generated by org.testng.reporters.JUnitReportReporter -->
<testsuite hostname="LAPTOP-HTB7FUT0" failures="0" tests="1" name="com.openCart.testCases.Login" time="6.335" errors="0" timestamp="2023-12-11T11:36:28 IST" skipped="0">
  <testcase classname="com.openCart.testCases.Login" name="TC_LF_008" time="6.335"/>
</testsuite> <!-- com.openCart.testCases.Login -->
