<?xml version="1.0" encoding="UTF-8"?>
<!-- Generated by org.testng.reporters.JUnitReportReporter -->
<testsuite hostname="LAPTOP-HTB7FUT0" failures="0" tests="1" name="com.openCart.testCases.AddToCart" time="7.268" errors="0" timestamp="2023-12-18T11:09:39 IST" skipped="0">
  <testcase classname="com.openCart.testCases.AddToCart" name="TC_ATC_004" time="7.268"/>
</testsuite> <!-- com.openCart.testCases.AddToCart -->
