<?xml version="1.0" encoding="UTF-8"?>
<!-- Generated by org.testng.reporters.JUnitReportReporter -->
<testsuite hostname="LAPTOP-HTB7FUT0" failures="0" tests="1" name="com.openCart.testCases.Register" time="10.491" errors="0" timestamp="2023-12-12T11:29:27 IST" skipped="0">
  <testcase classname="com.openCart.testCases.Register" name="TC_RF_001" time="10.491"/>
</testsuite> <!-- com.openCart.testCases.Register -->
