<?xml version="1.0" encoding="UTF-8"?>
<!-- Generated by org.testng.reporters.JUnitReportReporter -->
<testsuite hostname="LAPTOP-HTB7FUT0" failures="0" tests="1" name="com.openCart.testCases.Login" time="12.717" errors="0" timestamp="2023-12-08T15:47:41 IST" skipped="0">
  <testcase classname="com.openCart.testCases.Login" name="TC_LF_013" time="12.717"/>
</testsuite> <!-- com.openCart.testCases.Login -->
