<?xml version="1.0" encoding="UTF-8"?>
<!-- Generated by org.testng.reporters.JUnitReportReporter -->
<testsuite hostname="LAPTOP-HTB7FUT0" failures="0" tests="1" name="com.openCart.testCases.Register" time="6.748" errors="0" timestamp="2023-12-19T11:22:19 IST" skipped="0">
  <testcase classname="com.openCart.testCases.Register" name="TC_RF_021" time="6.748"/>
</testsuite> <!-- com.openCart.testCases.Register -->
