<?xml version="1.0" encoding="UTF-8"?>
<!-- Generated by org.testng.reporters.JUnitReportReporter -->
<testsuite hostname="LAPTOP-HTB7FUT0" failures="0" tests="10" name="com.openCart.testCases.Login" time="75.734" errors="0" timestamp="2023-12-12T10:47:03 IST" skipped="0">
  <testcase classname="com.openCart.testCases.Login" name="TC_LF_013" time="7.001"/>
  <testcase classname="com.openCart.testCases.Login" name="TC_LF_005" time="7.330"/>
  <testcase classname="com.openCart.testCases.Login" name="TC_LF_006" time="7.344"/>
  <testcase classname="com.openCart.testCases.Login" name="TC_LF_008" time="8.213"/>
  <testcase classname="com.openCart.testCases.Login" name="TC_LF_001" time="6.982"/>
  <testcase classname="com.openCart.testCases.Login" name="TC_LF_001" time="8.748"/>
  <testcase classname="com.openCart.testCases.Login" name="TC_LF_001" time="7.557"/>
  <testcase classname="com.openCart.testCases.Login" name="TC_LF_002" time="7.281"/>
  <testcase classname="com.openCart.testCases.Login" name="TC_LF_003" time="7.749"/>
  <testcase classname="com.openCart.testCases.Login" name="TC_LF_004" time="7.529"/>
</testsuite> <!-- com.openCart.testCases.Login -->
