<?xml version="1.0" encoding="UTF-8"?>
<!-- Generated by org.testng.reporters.JUnitReportReporter -->
<testsuite hostname="LAPTOP-HTB7FUT0" failures="0" tests="1" name="com.openCart.testCases.Register" time="7.855" errors="0" timestamp="2023-12-08T11:44:30 IST" skipped="0">
  <testcase classname="com.openCart.testCases.Register" name="TC_RF_001" time="7.855"/>
</testsuite> <!-- com.openCart.testCases.Register -->
