<?xml version="1.0" encoding="UTF-8"?>
<!-- Generated by org.testng.reporters.JUnitReportReporter -->
<testsuite hostname="LAPTOP-HTB7FUT0" failures="0" tests="6" name="com.openCart.testCases.Login" time="44.805" errors="0" timestamp="2023-12-11T11:16:43 IST" skipped="0">
  <testcase classname="com.openCart.testCases.Login" name="TC_LF_013" time="6.214"/>
  <testcase classname="com.openCart.testCases.Login" name="TC_LF_005" time="8.351"/>
  <testcase classname="com.openCart.testCases.Login" name="TC_LF_001" time="6.706"/>
  <testcase classname="com.openCart.testCases.Login" name="TC_LF_002" time="6.537"/>
  <testcase classname="com.openCart.testCases.Login" name="TC_LF_003" time="7.013"/>
  <testcase classname="com.openCart.testCases.Login" name="TC_LF_004" time="9.984"/>
</testsuite> <!-- com.openCart.testCases.Login -->
