<?xml version="1.0" encoding="UTF-8"?>
<!-- Generated by org.testng.reporters.JUnitReportReporter -->
<testsuite hostname="LAPTOP-HTB7FUT0" failures="0" tests="2" name="com.openCart.testCases.Register" time="14.473" errors="0" timestamp="2023-12-13T09:39:16 IST" skipped="0">
  <testcase classname="com.openCart.testCases.Register" name="TC_RF_001" time="7.224"/>
  <testcase classname="com.openCart.testCases.Register" name="TC_RF_004" time="7.249"/>
</testsuite> <!-- com.openCart.testCases.Register -->
