<?xml version="1.0" encoding="UTF-8"?>
<!-- Generated by org.testng.reporters.JUnitReportReporter -->
<testsuite hostname="LAPTOP-HTB7FUT0" failures="0" tests="8" name="com.openCart.testCases.Register" time="69.268" errors="0" timestamp="2023-12-15T11:54:03 IST" skipped="0">
  <testcase classname="com.openCart.testCases.Register" name="TC_RF_009" time="7.977"/>
  <testcase classname="com.openCart.testCases.Register" name="TC_RF_001" time="7.166"/>
  <testcase classname="com.openCart.testCases.Register" name="TC_RF_003" time="7.841"/>
  <testcase classname="com.openCart.testCases.Register" name="TC_RF_004" time="6.475"/>
  <testcase classname="com.openCart.testCases.Register" name="TC_RF_005" time="8.042"/>
  <testcase classname="com.openCart.testCases.Register" name="TC_RF_006" time="7.976"/>
  <testcase classname="com.openCart.testCases.Register" name="TC_RF_007" time="8.313"/>
  <testcase classname="com.openCart.testCases.Register" name="TC_RF_008" time="15.478"/>
</testsuite> <!-- com.openCart.testCases.Register -->
