<?xml version="1.0" encoding="UTF-8"?>
<!-- Generated by org.testng.reporters.JUnitReportReporter -->
<testsuite hostname="LAPTOP-HTB7FUT0" failures="0" tests="4" name="com.openCart.testCases.Login" time="30.698" errors="0" timestamp="2023-12-08T13:20:26 IST" skipped="0">
  <testcase classname="com.openCart.testCases.Login" name="TC_LF_001" time="9.866"/>
  <testcase classname="com.openCart.testCases.Login" name="TC_LF_002" time="7.136"/>
  <testcase classname="com.openCart.testCases.Login" name="TC_LF_003" time="6.759"/>
  <testcase classname="com.openCart.testCases.Login" name="TC_LF_004" time="6.937"/>
</testsuite> <!-- com.openCart.testCases.Login -->
