<?xml version="1.0" encoding="UTF-8"?>
<!-- Generated by org.testng.reporters.JUnitReportReporter -->
<testsuite hostname="LAPTOP-HTB7FUT0" failures="0" tests="3" name="com.openCart.testCases.AddToCart" time="23.100" errors="0" timestamp="2023-12-18T10:50:38 IST" skipped="0">
  <testcase classname="com.openCart.testCases.AddToCart" name="TC_ATC_001" time="6.849"/>
  <testcase classname="com.openCart.testCases.AddToCart" name="TC_ATC_002" time="9.499"/>
  <testcase classname="com.openCart.testCases.AddToCart" name="TC_ATC_003" time="6.752"/>
</testsuite> <!-- com.openCart.testCases.AddToCart -->
