<?xml version="1.0" encoding="UTF-8"?>
<!-- Generated by org.testng.reporters.JUnitReportReporter -->
<testsuite hostname="LAPTOP-HTB7FUT0" failures="0" tests="2" name="com.openCart.testCases.Search" time="24.455" errors="0" timestamp="2023-12-16T07:35:24 IST" skipped="0">
  <testcase classname="com.openCart.testCases.Search" name="TC_SF_002" time="12.162"/>
  <testcase classname="com.openCart.testCases.Search" name="TC_SF_001" time="12.293"/>
</testsuite> <!-- com.openCart.testCases.Search -->
