<?xml version="1.0" encoding="UTF-8"?>
<!-- Generated by org.testng.reporters.JUnitReportReporter -->
<testsuite hostname="LAPTOP-HTB7FUT0" failures="0" tests="9" name="com.openCart.testCases.Register" time="68.790" errors="0" timestamp="2023-12-18T10:50:38 IST" skipped="0">
  <testcase classname="com.openCart.testCases.Register" name="TC_RF_001" time="7.515"/>
  <testcase classname="com.openCart.testCases.Register" name="TC_RF_003" time="7.751"/>
  <testcase classname="com.openCart.testCases.Register" name="TC_RF_004" time="6.837"/>
  <testcase classname="com.openCart.testCases.Register" name="TC_RF_005" time="8.269"/>
  <testcase classname="com.openCart.testCases.Register" name="TC_RF_006" time="8.294"/>
  <testcase classname="com.openCart.testCases.Register" name="TC_RF_007" time="8.094"/>
  <testcase classname="com.openCart.testCases.Register" name="TC_RF_008" time="7.915"/>
  <testcase classname="com.openCart.testCases.Register" name="TC_RF_009" time="7.532"/>
  <testcase classname="com.openCart.testCases.Register" name="TC_RF_013" time="6.583"/>
</testsuite> <!-- com.openCart.testCases.Register -->
