<?xml version="1.0" encoding="UTF-8"?>
<!-- Generated by org.testng.reporters.JUnitReportReporter -->
<testsuite hostname="LAPTOP-HTB7FUT0" failures="0" tests="12" name="com.openCart.testCases.Register" time="119.371" errors="0" timestamp="2023-12-19T11:41:24 IST" skipped="0">
  <testcase classname="com.openCart.testCases.Register" name="TC_RF_001" time="7.686"/>
  <testcase classname="com.openCart.testCases.Register" name="TC_RF_003" time="10.372"/>
  <testcase classname="com.openCart.testCases.Register" name="TC_RF_004" time="11.727"/>
  <testcase classname="com.openCart.testCases.Register" name="TC_RF_005" time="8.326"/>
  <testcase classname="com.openCart.testCases.Register" name="TC_RF_006" time="10.018"/>
  <testcase classname="com.openCart.testCases.Register" name="TC_RF_007" time="18.177"/>
  <testcase classname="com.openCart.testCases.Register" name="TC_RF_008" time="8.468"/>
  <testcase classname="com.openCart.testCases.Register" name="TC_RF_009" time="10.623"/>
  <testcase classname="com.openCart.testCases.Register" name="TC_RF_012" time="9.250"/>
  <testcase classname="com.openCart.testCases.Register" name="TC_RF_013" time="11.175"/>
  <testcase classname="com.openCart.testCases.Register" name="TC_RF_020" time="6.143"/>
  <testcase classname="com.openCart.testCases.Register" name="TC_RF_021" time="7.406"/>
</testsuite> <!-- com.openCart.testCases.Register -->
