<?xml version="1.0" encoding="UTF-8"?>
<!-- Generated by org.testng.reporters.JUnitReportReporter -->
<testsuite hostname="LAPTOP-HTB7FUT0" failures="0" tests="8" name="com.openCart.testCases.Register" time="118.502" errors="0" timestamp="2023-12-16T07:32:19 IST" skipped="0">
  <testcase classname="com.openCart.testCases.Register" name="TC_RF_009" time="19.419"/>
  <testcase classname="com.openCart.testCases.Register" name="TC_RF_001" time="17.861"/>
  <testcase classname="com.openCart.testCases.Register" name="TC_RF_003" time="13.477"/>
  <testcase classname="com.openCart.testCases.Register" name="TC_RF_004" time="12.210"/>
  <testcase classname="com.openCart.testCases.Register" name="TC_RF_005" time="14.794"/>
  <testcase classname="com.openCart.testCases.Register" name="TC_RF_006" time="12.786"/>
  <testcase classname="com.openCart.testCases.Register" name="TC_RF_007" time="14.963"/>
  <testcase classname="com.openCart.testCases.Register" name="TC_RF_008" time="12.992"/>
</testsuite> <!-- com.openCart.testCases.Register -->
