<?xml version="1.0" encoding="UTF-8"?>
<!-- Generated by org.testng.reporters.JUnitReportReporter -->
<testsuite hostname="LAPTOP-HTB7FUT0" failures="0" tests="10" name="com.openCart.testCases.Login" time="137.986" errors="0" timestamp="2023-12-16T07:32:19 IST" skipped="0">
  <testcase classname="com.openCart.testCases.Login" name="TC_LF_001" time="13.103"/>
  <testcase classname="com.openCart.testCases.Login" name="TC_LF_001" time="12.610"/>
  <testcase classname="com.openCart.testCases.Login" name="TC_LF_001" time="9.509"/>
  <testcase classname="com.openCart.testCases.Login" name="TC_LF_002" time="11.739"/>
  <testcase classname="com.openCart.testCases.Login" name="TC_LF_003" time="17.181"/>
  <testcase classname="com.openCart.testCases.Login" name="TC_LF_004" time="12.760"/>
  <testcase classname="com.openCart.testCases.Login" name="TC_LF_005" time="30.044"/>
  <testcase classname="com.openCart.testCases.Login" name="TC_LF_006" time="10.416"/>
  <testcase classname="com.openCart.testCases.Login" name="TC_LF_008" time="10.370"/>
  <testcase classname="com.openCart.testCases.Login" name="TC_LF_013" time="10.254"/>
</testsuite> <!-- com.openCart.testCases.Login -->
