<?xml version="1.0" encoding="UTF-8"?>
<!-- Generated by org.testng.reporters.JUnitReportReporter -->
<testsuite hostname="LAPTOP-HTB7FUT0" failures="0" tests="10" name="com.openCart.testCases.Login" time="67.203" errors="0" timestamp="2023-12-18T10:50:38 IST" skipped="0">
  <testcase classname="com.openCart.testCases.Login" name="TC_LF_001" time="6.931"/>
  <testcase classname="com.openCart.testCases.Login" name="TC_LF_001" time="6.804"/>
  <testcase classname="com.openCart.testCases.Login" name="TC_LF_001" time="6.861"/>
  <testcase classname="com.openCart.testCases.Login" name="TC_LF_002" time="7.071"/>
  <testcase classname="com.openCart.testCases.Login" name="TC_LF_003" time="6.722"/>
  <testcase classname="com.openCart.testCases.Login" name="TC_LF_004" time="6.780"/>
  <testcase classname="com.openCart.testCases.Login" name="TC_LF_005" time="6.686"/>
  <testcase classname="com.openCart.testCases.Login" name="TC_LF_006" time="6.538"/>
  <testcase classname="com.openCart.testCases.Login" name="TC_LF_008" time="6.404"/>
  <testcase classname="com.openCart.testCases.Login" name="TC_LF_013" time="6.406"/>
</testsuite> <!-- com.openCart.testCases.Login -->
